e:\vs2017\ring2.0\ring2.0\debug\vc141.pdb
e:\vs2017\ring2.0\ring2.0\debug\vc141.idb
e:\vs2017\ring2.0\ring2.0\debug\verify.obj
e:\vs2017\ring2.0\ring2.0\debug\sha3.obj
e:\vs2017\ring2.0\ring2.0\debug\sha256.obj
e:\vs2017\ring2.0\ring2.0\debug\ring_test.obj
e:\vs2017\ring2.0\ring2.0\debug\ring2.0.obj
e:\vs2017\ring2.0\ring2.0\debug\ring.obj
e:\vs2017\ring2.0\ring2.0\debug\reduce.obj
e:\vs2017\ring2.0\ring2.0\debug\rand_nist.obj
e:\vs2017\ring2.0\ring2.0\debug\rand.obj
e:\vs2017\ring2.0\ring2.0\debug\precomp.obj
e:\vs2017\ring2.0\ring2.0\debug\poly.obj
e:\vs2017\ring2.0\ring2.0\debug\ntt.obj
e:\vs2017\ring2.0\ring2.0\debug\common.obj
e:\vs2017\ring2.0\ring2.0\debug\aes_c.obj
e:\vs2017\ring2.0\ring2.0\debug\aes.obj
e:\vs2017\ring2.0\debug\ring2.0.pdb
e:\vs2017\ring2.0\ring2.0\debug\ring2.0.tlog\cl.command.1.tlog
e:\vs2017\ring2.0\ring2.0\debug\ring2.0.tlog\cl.read.1.tlog
e:\vs2017\ring2.0\ring2.0\debug\ring2.0.tlog\cl.write.1.tlog
e:\vs2017\ring2.0\ring2.0\debug\ring2.0.tlog\link-cvtres.read.1.tlog
e:\vs2017\ring2.0\ring2.0\debug\ring2.0.tlog\link-cvtres.write.1.tlog
e:\vs2017\ring2.0\ring2.0\debug\ring2.0.tlog\link-rc.read.1.tlog
e:\vs2017\ring2.0\ring2.0\debug\ring2.0.tlog\link-rc.write.1.tlog
e:\vs2017\ring2.0\ring2.0\debug\ring2.0.tlog\link.command.1.tlog
e:\vs2017\ring2.0\ring2.0\debug\ring2.0.tlog\link.read.1.tlog
e:\vs2017\ring2.0\ring2.0\debug\ring2.0.tlog\link.write.1.tlog
